<?xml version="1.0" encoding="UTF-8"?>
<!-- Generated by org.testng.reporters.JUnitReportReporter -->
<testsuite skipped="0" hostname="DESKTOP-601C7K2" name="com.qa.BankApplication.tests.LoginPFTest" tests="1" failures="0" timestamp="28 Sep 2019 06:31:37 GMT" time="16.426" errors="0">
  <testcase name="loginTest" time="16.426" classname="com.qa.BankApplication.tests.LoginPFTest"/>
</testsuite> <!-- com.qa.BankApplication.tests.LoginPFTest -->
