<?xml version="1.0" encoding="UTF-8"?>
<!-- Generated by org.testng.reporters.JUnitReportReporter -->
<testsuite skipped="0" hostname="DESKTOP-601C7K2" name="com.qa.BankApplication.tests.LoginTest" tests="2" failures="0" timestamp="08 Sep 2019 07:16:26 GMT" time="23.363" errors="0">
  <testcase name="loginTest" time="14.507" classname="com.qa.BankApplication.tests.LoginTest"/>
  <testcase name="loginPageTitleTest" time="8.856" classname="com.qa.BankApplication.tests.LoginTest"/>
</testsuite> <!-- com.qa.BankApplication.tests.LoginTest -->
