<?xml version="1.0" encoding="UTF-8"?>
<!-- Generated by org.testng.reporters.JUnitReportReporter -->
<testsuite skipped="0" hostname="DESKTOP-601C7K2" name="com.qa.BankApplication.tests.NewCustomerTest" tests="3" failures="0" timestamp="29 Sep 2019 06:56:53 GMT" time="56.563" errors="0">
  <testcase name="NewCustomerPageTest" time="17.625" classname="com.qa.BankApplication.tests.NewCustomerTest"/>
  <testcase name="NewCustomerPageTest" time="21.003" classname="com.qa.BankApplication.tests.NewCustomerTest"/>
  <testcase name="NewCustomerPageTest" time="17.935" classname="com.qa.BankApplication.tests.NewCustomerTest"/>
</testsuite> <!-- com.qa.BankApplication.tests.NewCustomerTest -->
