<?xml version="1.0" encoding="UTF-8"?>
<!-- Generated by org.testng.reporters.JUnitReportReporter -->
<testsuite skipped="0" hostname="DESKTOP-601C7K2" name="com.qa.BankApplication.tests.LoginTest" tests="1" failures="0" timestamp="28 Sep 2019 05:43:21 GMT" time="16.184" errors="0">
  <testcase name="loginTest" time="16.184" classname="com.qa.BankApplication.tests.LoginTest"/>
</testsuite> <!-- com.qa.BankApplication.tests.LoginTest -->
