<?xml version="1.0" encoding="UTF-8"?>
<!-- Generated by org.testng.reporters.JUnitReportReporter -->
<testsuite skipped="0" hostname="DESKTOP-601C7K2" name="com.qa.BankApplication.tests.HomePageTest" tests="3" failures="0" timestamp="02 Sep 2019 06:49:34 GMT" time="54.917" errors="0">
  <testcase name="verifyHomePageTitleTest" time="14.104" classname="com.qa.BankApplication.tests.HomePageTest"/>
  <testcase name="verifyHomePageHeaderTest" time="21.657" classname="com.qa.BankApplication.tests.HomePageTest"/>
  <testcase name="verifyLoggedUserAccoutName" time="19.156" classname="com.qa.BankApplication.tests.HomePageTest"/>
</testsuite> <!-- com.qa.BankApplication.tests.HomePageTest -->
