<?xml version="1.0" encoding="UTF-8"?>
<!-- Generated by org.testng.reporters.JUnitReportReporter -->
<testsuite skipped="0" hostname="DESKTOP-601C7K2" name="com.qa.BankApplication.tests.LoginTest" tests="2" failures="0" timestamp="05 Oct 2019 03:43:59 GMT" time="45.973" errors="0">
  <testcase name="loginTest" time="33.090" classname="com.qa.BankApplication.tests.LoginTest"/>
  <testcase name="loginPageTitleTest" time="12.883" classname="com.qa.BankApplication.tests.LoginTest"/>
</testsuite> <!-- com.qa.BankApplication.tests.LoginTest -->
